{
  "stage": "render(content)",
  "error": {
    "error_id": "ERR_1762411641156_11508",
    "error_type": "Exception",
    "error_message": "渲染失败",
    "severity": "low",
    "category": "unknown",
    "context": {
      "timestamp": 1762411641.1550117,
      "module": "core.markdown_renderer",
      "function": "render",
      "line_number": 261,
      "stack_trace": "Traceback (most recent call last):\n  File \"D:\\lad\\LAD_md_ed2\\local_markdown_viewer\\core\\markdown_renderer.py\", line 246, in render\n    result = self._render_content(markdown_content, render_options)\n  File \"C:\\Program Files\\WindowsApps\\PythonSoftwareFoundation.Python.3.13_3.13.2544.0_x64__qbz5n2kfra8p0\\Lib\\unittest\\mock.py\", line 1169, in __call__\n    return self._mock_call(*args, **kwargs)\n           ~~~~~~~~~~~~~~~^^^^^^^^^^^^^^^^^\n  File \"C:\\Program Files\\WindowsApps\\PythonSoftwareFoundation.Python.3.13_3.13.2544.0_x64__qbz5n2kfra8p0\\Lib\\unittest\\mock.py\", line 1173, in _mock_call\n    return self._execute_mock_call(*args, **kwargs)\n           ~~~~~~~~~~~~~~~~~~~~~~~^^^^^^^^^^^^^^^^^\n  File \"C:\\Program Files\\WindowsApps\\PythonSoftwareFoundation.Python.3.13_3.13.2544.0_x64__qbz5n2kfra8p0\\Lib\\unittest\\mock.py\", line 1228, in _execute_mock_call\n    raise effect\nException: 渲染失败\n",
      "user_context": {
        "operation": "render",
        "content_length": 17
      },
      "system_context": {
        "memory_usage": 80.6,
        "cpu_usage": 26.9,
        "disk_usage": 36.0,
        "python_version": "3.13.9 (tags/v3.13.9:8183fa5, Oct 14 2025, 14:09:13) [MSC v.1944 64 bit (AMD64)]",
        "platform": "win32"
      },
      "timestamp_iso": "2025-11-06T14:47:21.155012"
    },
    "recovery_strategy": "fallback",
    "retry_count": 0,
    "max_retries": 3,
    "resolved": false,
    "resolution_time": null,
    "resolution_method": null
  },
  "message": "渲染失败"
}